<?xml version="1.0" encoding="UTF-8"?>
<!-- Generated by org.testng.reporters.JUnitReportReporter -->
<testsuite hostname="DESKTOP-BOS5N1B" failures="0" tests="1" name="com.Models.request.GetSingleRepo" time="3.150" errors="0" timestamp="2023-11-30T18:02:24 CST" skipped="0">
  <testcase classname="com.Models.request.GetSingleRepo" name="GetSingleNonExistRepo" time="3.150"/>
  <system-out/>
</testsuite> <!-- com.Models.request.GetSingleRepo -->
